#
# There is insufficient memory for the Java Runtime Environment to continue.
# Native memory allocation (malloc) failed to allocate 1048576 bytes for AllocateHeap
# Possible reasons:
#   The system is out of physical RAM or swap space
#   The process is running with CompressedOops enabled, and the Java Heap may be blocking the growth of the native heap
# Possible solutions:
#   Reduce memory load on the system
#   Increase physical memory or swap space
#   Check if swap backing store is full
#   Decrease Java heap size (-Xmx/-Xms)
#   Decrease number of Java threads
#   Decrease Java thread stack sizes (-Xss)
#   Set larger code cache with -XX:ReservedCodeCacheSize=
#   JVM is running with Zero Based Compressed Oops mode in which the Java heap is
#     placed in the first 32GB address space. The Java Heap base address is the
#     maximum limit for the native heap growth. Please use -XX:HeapBaseMinAddress
#     to set the Java Heap base and to place the Java Heap above 32GB virtual address.
# This output file may be truncated or incomplete.
#
#  Out of Memory Error (memory/allocation.inline.hpp:61), pid=35704, tid=0x0000000000002d30
#
# JRE version:  (8.0_201-b09) (build )
# Java VM: Java HotSpot(TM) 64-Bit Server VM (25.201-b09 mixed mode windows-amd64 compressed oops)
# Failed to write core dump. Minidumps are not enabled by default on client versions of Windows
#

---------------  T H R E A D  ---------------

Current thread (0x000000000317e000):  JavaThread "Unknown thread" [_thread_in_vm, id=11568, stack(0x0000000003570000,0x0000000003670000)]

Stack: [0x0000000003570000,0x0000000003670000]
[error occurred during error reporting (printing stack bounds), id 0xc0000005]

Native frames: (J=compiled Java code, j=interpreted, Vv=VM code, C=native code)


---------------  P R O C E S S  ---------------

Java Threads: ( => current thread )

Other Threads:

=>0x000000000317e000 (exited) JavaThread "Unknown thread" [_thread_in_vm, id=11568, stack(0x0000000003570000,0x0000000003670000)]

VM state:not at safepoint (normal execution)

VM Mutex/Monitor currently owned by a thread: None

heap address: 0x00000006c1c00000, size: 4068 MB, Compressed Oops mode: Zero based, Oop shift amount: 3
Narrow klass base: 0x0000000000000000, Narrow klass shift: 3
Compressed class space size: 1073741824 Address: 0x00000007c0000000

Heap:
 PSYoungGen      total 76288K, used 1310K [0x000000076b400000, 0x0000000770900000, 0x00000007c0000000)
  eden space 65536K, 2% used [0x000000076b400000,0x000000076b547af0,0x000000076f400000)
  from space 10752K, 0% used [0x000000076fe80000,0x000000076fe80000,0x0000000770900000)
  to   space 10752K, 0% used [0x000000076f400000,0x000000076f400000,0x000000076fe80000)
 ParOldGen       total 175104K, used 0K [0x00000006c1c00000, 0x00000006cc700000, 0x000000076b400000)
  object space 175104K, 0% used [0x00000006c1c00000,0x00000006c1c00000,0x00000006cc700000)
 Metaspace       used 751K, capacity 4480K, committed 4480K, reserved 1056768K
  class space    used 76K, capacity 384K, committed 384K, reserved 1048576K

Card table byte_map: [0x0000000012b30000,0x0000000013330000] byte_map_base: 0x000000000f522000

Marking Bits: (ParMarkBitMap*) 0x000000006de54ce0
 Begin Bits: [0x0000000014080000, 0x0000000018010000)
 End Bits:   [0x0000000018010000, 0x000000001bfa0000)

Polling page: 0x0000000001310000

CodeCache: size=245760Kb used=328Kb max_used=328Kb free=245431Kb
 bounds [0x0000000003770000, 0x00000000039e0000, 0x0000000012770000]
 total_blobs=58 nmethods=0 adapters=38
 compilation: enabled

Compilation events (0 events):
No events

GC Heap History (0 events):
No events

Deoptimization events (0 events):
No events

Classes redefined (0 events):
No events

Internal exceptions (0 events):
No events

Events (10 events):
Event: 0.033 loading class java/lang/Short
Event: 0.033 loading class java/lang/Short done
Event: 0.033 loading class java/lang/Integer
Event: 0.033 loading class java/lang/Integer done
Event: 0.033 loading class java/lang/Long
Event: 0.033 loading class java/lang/Long done
Event: 0.034 loading class java/lang/NullPointerException
Event: 0.034 loading class java/lang/NullPointerException done
Event: 0.034 loading class java/lang/ArithmeticException
Event: 0.034 loading class java/lang/ArithmeticException done


Dynamic libraries:
0x00007ff6bafc0000 - 0x00007ff6baff7000 	C:\Program Files\Java\jre1.8.0_201\bin\javaw.exe
0x00007ffa0d060000 - 0x00007ffa0d241000 	C:\WINDOWS\SYSTEM32\ntdll.dll
0x00007ffa0abc0000 - 0x00007ffa0ac72000 	C:\WINDOWS\System32\KERNEL32.DLL
0x00007ffa09780000 - 0x00007ffa099f3000 	C:\WINDOWS\System32\KERNELBASE.dll
0x00007ffa0c760000 - 0x00007ffa0c801000 	C:\WINDOWS\System32\ADVAPI32.dll
0x00007ffa0c6c0000 - 0x00007ffa0c75e000 	C:\WINDOWS\System32\msvcrt.dll
0x00007ffa0a4f0000 - 0x00007ffa0a54b000 	C:\WINDOWS\System32\sechost.dll
0x00007ffa0cf00000 - 0x00007ffa0d024000 	C:\WINDOWS\System32\RPCRT4.dll
0x00007ffa0ac80000 - 0x00007ffa0ae10000 	C:\WINDOWS\System32\USER32.dll
0x00007ffa0a4d0000 - 0x00007ffa0a4f0000 	C:\WINDOWS\System32\win32u.dll
0x00007ffa0aa80000 - 0x00007ffa0aaa8000 	C:\WINDOWS\System32\GDI32.dll
0x00007ffa09530000 - 0x00007ffa096c2000 	C:\WINDOWS\System32\gdi32full.dll
0x00007ffa09a00000 - 0x00007ffa09a9f000 	C:\WINDOWS\System32\msvcp_win.dll
0x00007ffa09430000 - 0x00007ffa09528000 	C:\WINDOWS\System32\ucrtbase.dll
0x00007ff9f9c50000 - 0x00007ff9f9eb9000 	C:\WINDOWS\WinSxS\amd64_microsoft.windows.common-controls_6595b64144ccf1df_6.0.17134.648_none_fb45a0e93062a6d2\COMCTL32.dll
0x00007ffa0a750000 - 0x00007ffa0aa72000 	C:\WINDOWS\System32\combase.dll
0x00007ffa0a260000 - 0x00007ffa0a2da000 	C:\WINDOWS\System32\bcryptPrimitives.dll
0x00007ffa0a630000 - 0x00007ffa0a65d000 	C:\WINDOWS\System32\IMM32.DLL
0x000000006d3e0000 - 0x000000006d4b1000 	C:\Program Files\Java\jre1.8.0_201\bin\msvcr100.dll
0x000000006d630000 - 0x000000006ded4000 	C:\Program Files\Java\jre1.8.0_201\bin\server\jvm.dll
0x00007ffa0a620000 - 0x00007ffa0a628000 	C:\WINDOWS\System32\PSAPI.DLL
0x00007ff9fadd0000 - 0x00007ff9fadd9000 	C:\WINDOWS\SYSTEM32\WSOCK32.dll
0x00007ffa03390000 - 0x00007ffa0339a000 	C:\WINDOWS\SYSTEM32\VERSION.dll
0x00007ffa04110000 - 0x00007ffa04133000 	C:\WINDOWS\SYSTEM32\WINMM.dll
0x00007ffa0ce90000 - 0x00007ffa0cefc000 	C:\WINDOWS\System32\WS2_32.dll
0x00007ffa040e0000 - 0x00007ffa0410a000 	C:\WINDOWS\SYSTEM32\winmmbase.dll
0x00007ffa09aa0000 - 0x00007ffa09ae9000 	C:\WINDOWS\System32\cfgmgr32.dll
0x00007ffa05f70000 - 0x00007ffa05f7f000 	C:\Program Files\Java\jre1.8.0_201\bin\verify.dll
0x00007ffa000c0000 - 0x00007ffa000e9000 	C:\Program Files\Java\jre1.8.0_201\bin\java.dll
0x00007ffa021e0000 - 0x00007ffa021f6000 	C:\Program Files\Java\jre1.8.0_201\bin\zip.dll

VM Arguments:
jvm_args: -Dfile.encoding=MS949 
java_command: gui.MainFrame
java_class_path (initial): C:\Users\손상준\Desktop\프로그래밍\java\workspace\PosMachine\bin
Launcher Type: SUN_STANDARD

Environment Variables:
JAVA_HOME=C:\Program Files\Java\jdk1.8.0_201
PATH=C:/Program Files/Java/jre1.8.0_201/bin/server;C:/Program Files/Java/jre1.8.0_201/bin;C:/Program Files/Java/jre1.8.0_201/lib/amd64;C:\Program Files (x86)\Common Files\Oracle\Java\javapath;D:\app\sonsangjun\virtual\product\12.2.0\dbhome_2\bin;C:\Program Files (x86)\NAT Service;C:\ProgramData\Oracle\Java\javapath;C:\WINDOWS\system32;C:\WINDOWS;C:\WINDOWS\System32\Wbem;C:\WINDOWS\System32\WindowsPowerShell\v1.0\;C:\Program Files\Intel\WiFi\bin\;C:\Program Files\Common Files\Intel\WirelessCommon\;C:\Program Files\Microsoft SQL Server\130\Tools\Binn\;C:\Program Files\Microsoft SQL Server\120\Tools\Binn\;C:\Program Files (x86)\Windows Kits\10\Windows Performance Toolkit\;C:\WINDOWS\System32\OpenSSH\;C:\WINDOWS\system32\config\systemprofile\.dnx\bin;C:\Program Files\Microsoft DNX\Dnvm\;C:\Program Files\nodejs\;C:\Users\손상준\AppData\Local\Microsoft\WindowsApps;C:\Program Files\Intel\WiFi\bin\;C:\Program Files\Common Files\Intel\WirelessCommon\;C:\Users\손상준\AppData\Roaming\npm;C:\Program Files\Java\jdk1.8.0_201\bin;;C:\Users\손상준\Desktop\프로그래밍\java\eclipse;
USERNAME=SANGJUN SON
OS=Windows_NT
PROCESSOR_IDENTIFIER=Intel64 Family 6 Model 158 Stepping 9, GenuineIntel



---------------  S Y S T E M  ---------------

OS: Windows 10.0 , 64 bit Build 17134 (10.0.17134.648)

CPU:total 8 (initial active 8) (4 cores per cpu, 2 threads per core) family 6 model 158 stepping 9, cmov, cx8, fxsr, mmx, sse, sse2, sse3, ssse3, sse4.1, sse4.2, popcnt, avx, avx2, aes, clmul, erms, 3dnowpref, lzcnt, ht, tsc, tscinvbit, bmi1, bmi2, adx

Memory: 4k page, physical 16658992k(8709928k free), swap 47837612k(5472k free)

vm_info: Java HotSpot(TM) 64-Bit Server VM (25.201-b09) for windows-amd64 JRE (1.8.0_201-b09), built on Dec 15 2018 18:36:39 by "java_re" with MS VC++ 10.0 (VS2010)

time: Mon Apr 08 20:27:13 2019
timezone: 대한민국 표준시
elapsed time: 0 seconds (0d 0h 0m 0s)

